
*** Running vivado
    with args -log fifo_mem.vds -m64 -product Vivado -mode batch -messageDb vivado.pb -notrace -source fifo_mem.tcl



****** Vivado v2024.1 (64-bit)
  **** SW Build 5076996 on Wed May 22 18:37:14 MDT 2024
  **** IP Build 5075265 on Wed May 22 21:45:21 MDT 2024
  **** SharedData Build 5076995 on Wed May 22 18:29:18 MDT 2024
  **** Start of session at: Fri Feb  7 17:09:57 2025
    ** Copyright 1986-2022 Xilinx, Inc. All Rights Reserved.
    ** Copyright 2022-2024 Advanced Micro Devices, Inc. All Rights Reserved.

source fifo_mem.tcl -notrace
create_project: Time (s): cpu = 00:00:07 ; elapsed = 00:00:07 . Memory (MB): peak = 513.051 ; gain = 197.789
Command: synth_design -top fifo_mem -part xc7z020clg484-1
Starting synth_design
Attempting to get a license for feature 'Synthesis' and/or device 'xc7z020'
INFO: [Common 17-349] Got license for feature 'Synthesis' and/or device 'xc7z020'
INFO: [Synth 8-7079] Multithreading enabled for synth_design using a maximum of 2 processes.
INFO: [Synth 8-7078] Launching helper process for spawning children vivado processes
INFO: [Synth 8-7075] Helper process launched with PID 3748
---------------------------------------------------------------------------------
Starting Synthesize : Time (s): cpu = 00:00:05 ; elapsed = 00:00:06 . Memory (MB): peak = 972.395 ; gain = 452.402
---------------------------------------------------------------------------------
INFO: [Synth 8-6157] synthesizing module 'fifo_mem' [D:/Work_Space/SOC/FIFO_memory/MODULES/fifo_mem.v:3]
INFO: [Synth 8-6157] synthesizing module 'write_pointer' [D:/Work_Space/SOC/FIFO_memory/MODULES/write_pointer.v:3]
INFO: [Synth 8-6155] done synthesizing module 'write_pointer' (0#1) [D:/Work_Space/SOC/FIFO_memory/MODULES/write_pointer.v:3]
INFO: [Synth 8-6157] synthesizing module 'read_pointer' [D:/Work_Space/SOC/FIFO_memory/MODULES/read_pointer.v:3]
INFO: [Synth 8-6155] done synthesizing module 'read_pointer' (0#1) [D:/Work_Space/SOC/FIFO_memory/MODULES/read_pointer.v:3]
INFO: [Synth 8-6157] synthesizing module 'memory_array' [D:/Work_Space/SOC/FIFO_memory/MODULES/memory_array.v:3]
INFO: [Synth 8-6155] done synthesizing module 'memory_array' (0#1) [D:/Work_Space/SOC/FIFO_memory/MODULES/memory_array.v:3]
INFO: [Synth 8-6157] synthesizing module 'memory_status' [D:/Work_Space/SOC/FIFO_memory/MODULES/memory_status.v:3]
INFO: [Synth 8-6155] done synthesizing module 'memory_status' (0#1) [D:/Work_Space/SOC/FIFO_memory/MODULES/memory_status.v:3]
INFO: [Synth 8-6155] done synthesizing module 'fifo_mem' (0#1) [D:/Work_Space/SOC/FIFO_memory/MODULES/fifo_mem.v:3]
WARNING: [Synth 8-7129] Port rst_n in module memory_array is either unconnected or has no load
WARNING: [Synth 8-7129] Port wptr[4] in module memory_array is either unconnected or has no load
WARNING: [Synth 8-7129] Port rptr[4] in module memory_array is either unconnected or has no load
---------------------------------------------------------------------------------
Finished Synthesize : Time (s): cpu = 00:00:07 ; elapsed = 00:00:08 . Memory (MB): peak = 1081.859 ; gain = 561.867
---------------------------------------------------------------------------------
---------------------------------------------------------------------------------
Finished Constraint Validation : Time (s): cpu = 00:00:08 ; elapsed = 00:00:09 . Memory (MB): peak = 1081.859 ; gain = 561.867
---------------------------------------------------------------------------------
---------------------------------------------------------------------------------
Start Loading Part and Timing Information
---------------------------------------------------------------------------------
Loading part: xc7z020clg484-1
---------------------------------------------------------------------------------
Finished Loading Part and Timing Information : Time (s): cpu = 00:00:08 ; elapsed = 00:00:09 . Memory (MB): peak = 1081.859 ; gain = 561.867
---------------------------------------------------------------------------------
INFO: [Device 21-403] Loading part xc7z020clg484-1
---------------------------------------------------------------------------------
Finished RTL Optimization Phase 2 : Time (s): cpu = 00:00:08 ; elapsed = 00:00:09 . Memory (MB): peak = 1081.859 ; gain = 561.867
---------------------------------------------------------------------------------
No constraint files found.
---------------------------------------------------------------------------------
Start RTL Component Statistics 
---------------------------------------------------------------------------------
Detailed RTL Component Info : 
+---Adders : 
	   2 Input    5 Bit       Adders := 2     
	   3 Input    5 Bit       Adders := 1     
+---XORs : 
	   2 Input      1 Bit         XORs := 1     
+---Registers : 
	                5 Bit    Registers := 2     
	                1 Bit    Registers := 2     
+---Muxes : 
	   2 Input    1 Bit        Muxes := 2     
---------------------------------------------------------------------------------
Finished RTL Component Statistics 
---------------------------------------------------------------------------------
---------------------------------------------------------------------------------
Start Part Resource Summary
---------------------------------------------------------------------------------
INFO: [Device 21-9227] Part: xc7z020clg484-1 does not have CEAM library.
Part Resources:
DSPs: 220 (col length:60)
BRAMs: 280 (col length: RAMB18 60 RAMB36 30)
---------------------------------------------------------------------------------
Finished Part Resource Summary
---------------------------------------------------------------------------------
No constraint files found.
---------------------------------------------------------------------------------
Start Cross Boundary and Area Optimization
---------------------------------------------------------------------------------
WARNING: [Synth 8-7080] Parallel synthesis criteria is not met
---------------------------------------------------------------------------------
Finished Cross Boundary and Area Optimization : Time (s): cpu = 00:00:14 ; elapsed = 00:00:29 . Memory (MB): peak = 1301.723 ; gain = 781.730
---------------------------------------------------------------------------------
---------------------------------------------------------------------------------
Start ROM, RAM, DSP, Shift Register and Retiming Reporting
---------------------------------------------------------------------------------

Distributed RAM: Preliminary Mapping Report (see note below)
+------------+-----------------------+-----------+----------------------+-------------+
|Module Name | RTL Object            | Inference | Size (Depth x Width) | Primitives  | 
+------------+-----------------------+-----------+----------------------+-------------+
|fifo_mem    | m_inst/data_array_reg | Implied   | 16 x 8               | RAM32M x 2  | 
+------------+-----------------------+-----------+----------------------+-------------+

Note: The table above is a preliminary report that shows the Distributed RAMs at the current stage of the synthesis flow. Some Distributed RAMs may be reimplemented as non Distributed RAM primitives later in the synthesis flow. Multiple instantiated RAMs are reported only once.
---------------------------------------------------------------------------------
Finished ROM, RAM, DSP, Shift Register and Retiming Reporting
---------------------------------------------------------------------------------
No constraint files found.
---------------------------------------------------------------------------------
Start Timing Optimization
---------------------------------------------------------------------------------
---------------------------------------------------------------------------------
Finished Timing Optimization : Time (s): cpu = 00:00:14 ; elapsed = 00:00:29 . Memory (MB): peak = 1301.723 ; gain = 781.730
---------------------------------------------------------------------------------
---------------------------------------------------------------------------------
Start ROM, RAM, DSP, Shift Register and Retiming Reporting
---------------------------------------------------------------------------------

Distributed RAM: Final Mapping Report
+------------+-----------------------+-----------+----------------------+-------------+
|Module Name | RTL Object            | Inference | Size (Depth x Width) | Primitives  | 
+------------+-----------------------+-----------+----------------------+-------------+
|fifo_mem    | m_inst/data_array_reg | Implied   | 16 x 8               | RAM32M x 2  | 
+------------+-----------------------+-----------+----------------------+-------------+

---------------------------------------------------------------------------------
Finished ROM, RAM, DSP, Shift Register and Retiming Reporting
---------------------------------------------------------------------------------
---------------------------------------------------------------------------------
Start Technology Mapping
---------------------------------------------------------------------------------
---------------------------------------------------------------------------------
Finished Technology Mapping : Time (s): cpu = 00:00:14 ; elapsed = 00:00:29 . Memory (MB): peak = 1301.723 ; gain = 781.730
---------------------------------------------------------------------------------
---------------------------------------------------------------------------------
Start IO Insertion
---------------------------------------------------------------------------------
---------------------------------------------------------------------------------
Start Flattening Before IO Insertion
---------------------------------------------------------------------------------
---------------------------------------------------------------------------------
Finished Flattening Before IO Insertion
---------------------------------------------------------------------------------
---------------------------------------------------------------------------------
Start Final Netlist Cleanup
---------------------------------------------------------------------------------
---------------------------------------------------------------------------------
Finished Final Netlist Cleanup
---------------------------------------------------------------------------------
---------------------------------------------------------------------------------
Finished IO Insertion : Time (s): cpu = 00:00:18 ; elapsed = 00:00:34 . Memory (MB): peak = 1301.723 ; gain = 781.730
---------------------------------------------------------------------------------
---------------------------------------------------------------------------------
Start Renaming Generated Instances
---------------------------------------------------------------------------------
---------------------------------------------------------------------------------
Finished Renaming Generated Instances : Time (s): cpu = 00:00:18 ; elapsed = 00:00:34 . Memory (MB): peak = 1301.723 ; gain = 781.730
---------------------------------------------------------------------------------
---------------------------------------------------------------------------------
Start Rebuilding User Hierarchy
---------------------------------------------------------------------------------
---------------------------------------------------------------------------------
Finished Rebuilding User Hierarchy : Time (s): cpu = 00:00:18 ; elapsed = 00:00:34 . Memory (MB): peak = 1301.723 ; gain = 781.730
---------------------------------------------------------------------------------
---------------------------------------------------------------------------------
Start Renaming Generated Ports
---------------------------------------------------------------------------------
---------------------------------------------------------------------------------
Finished Renaming Generated Ports : Time (s): cpu = 00:00:18 ; elapsed = 00:00:34 . Memory (MB): peak = 1301.723 ; gain = 781.730
---------------------------------------------------------------------------------
---------------------------------------------------------------------------------
Start Handling Custom Attributes
---------------------------------------------------------------------------------
---------------------------------------------------------------------------------
Finished Handling Custom Attributes : Time (s): cpu = 00:00:18 ; elapsed = 00:00:34 . Memory (MB): peak = 1301.723 ; gain = 781.730
---------------------------------------------------------------------------------
---------------------------------------------------------------------------------
Start Renaming Generated Nets
---------------------------------------------------------------------------------
---------------------------------------------------------------------------------
Finished Renaming Generated Nets : Time (s): cpu = 00:00:18 ; elapsed = 00:00:34 . Memory (MB): peak = 1301.723 ; gain = 781.730
---------------------------------------------------------------------------------
---------------------------------------------------------------------------------
Start Writing Synthesis Report
---------------------------------------------------------------------------------

Report BlackBoxes: 
+-+--------------+----------+
| |BlackBox name |Instances |
+-+--------------+----------+
+-+--------------+----------+

Report Cell Usage: 
+------+---------+------+
|      |Cell     |Count |
+------+---------+------+
|1     |BUFG     |     1|
|2     |LUT1     |     3|
|3     |LUT2     |     3|
|4     |LUT3     |     2|
|5     |LUT4     |     2|
|6     |LUT5     |     6|
|7     |LUT6     |     7|
|8     |RAM32M   |     1|
|9     |RAM32X1D |     2|
|10    |FDCE     |    12|
|11    |IBUF     |    12|
|12    |OBUF     |    13|
+------+---------+------+

Report Instance Areas: 
+------+---------+--------------+------+
|      |Instance |Module        |Cells |
+------+---------+--------------+------+
|1     |top      |              |    64|
|2     |  m_inst |memory_array  |     3|
|3     |  r_inst |read_pointer  |    16|
|4     |  s_inst |memory_status |     2|
|5     |  w_inst |write_pointer |    17|
+------+---------+--------------+------+
---------------------------------------------------------------------------------
Finished Writing Synthesis Report : Time (s): cpu = 00:00:18 ; elapsed = 00:00:34 . Memory (MB): peak = 1301.723 ; gain = 781.730
---------------------------------------------------------------------------------
Synthesis finished with 0 errors, 0 critical warnings and 4 warnings.
Synthesis Optimization Runtime : Time (s): cpu = 00:00:18 ; elapsed = 00:00:34 . Memory (MB): peak = 1301.723 ; gain = 781.730
Synthesis Optimization Complete : Time (s): cpu = 00:00:18 ; elapsed = 00:00:34 . Memory (MB): peak = 1301.723 ; gain = 781.730
INFO: [Project 1-571] Translating synthesized netlist
Netlist sorting complete. Time (s): cpu = 00:00:00 ; elapsed = 00:00:00.001 . Memory (MB): peak = 1305.527 ; gain = 0.000
INFO: [Netlist 29-17] Analyzing 3 Unisim elements for replacement
INFO: [Netlist 29-28] Unisim Transformation completed in 0 CPU seconds
INFO: [Project 1-570] Preparing netlist for logic optimization
INFO: [Opt 31-138] Pushed 0 inverter(s) to 0 load pin(s).
Netlist sorting complete. Time (s): cpu = 00:00:00 ; elapsed = 00:00:00 . Memory (MB): peak = 1409.559 ; gain = 0.000
INFO: [Project 1-111] Unisim Transformation Summary:
  A total of 3 instances were transformed.
  RAM32M => RAM32M (RAMD32(x6), RAMS32(x2)): 1 instance 
  RAM32X1D => RAM32X1D (RAMD32(x2)): 2 instances

Synth Design complete | Checksum: b38dda2e
INFO: [Common 17-83] Releasing license: Synthesis
23 Infos, 4 Warnings, 0 Critical Warnings and 0 Errors encountered.
synth_design completed successfully
synth_design: Time (s): cpu = 00:00:20 ; elapsed = 00:00:38 . Memory (MB): peak = 1409.559 ; gain = 896.508
Write ShapeDB Complete: Time (s): cpu = 00:00:00 ; elapsed = 00:00:00.001 . Memory (MB): peak = 1409.559 ; gain = 0.000
INFO: [Common 17-1381] The checkpoint 'D:/Work_Space/SOC/FIFO_memory/vivado_project/FIFO_memory/FIFO_memory.runs/synth_1/fifo_mem.dcp' has been generated.
INFO: [Vivado 12-24828] Executing command : report_utilization -file fifo_mem_utilization_synth.rpt -pb fifo_mem_utilization_synth.pb
INFO: [Common 17-206] Exiting Vivado at Fri Feb  7 17:10:47 2025...
